<?xml version="1.0" encoding="UTF-8"?>
<testsuite xmlns:xsi="http://www.w3.org/2001/XMLSchema-instance" xsi:noNamespaceSchemaLocation="https://maven.apache.org/surefire/maven-surefire-plugin/xsd/surefire-test-report-3.0.xsd" version="3.0" name="org.apache.bookkeeper.bookie.storage.ldb.WriteCacheTest" time="0.471" tests="2" errors="0" skipped="0" failures="0">
  <properties>
    <property name="gopherProxySet" value="false"/>
    <property name="awt.toolkit" value="sun.lwawt.macosx.LWCToolkit"/>
    <property name="java.specification.version" value="11"/>
    <property name="sun.cpu.isalist" value=""/>
    <property name="sun.jnu.encoding" value="UTF-8"/>
    <property name="java.class.path" value="/Users/mirko/git/My_Bookkeeper/bookkeeper-server/target/test-classes:/Users/mirko/git/My_Bookkeeper/bookkeeper-server/target/classes:/Users/mirko/git/My_Bookkeeper/bookkeeper-common/target/classes:/Users/mirko/git/My_Bookkeeper/bookkeeper-stats/target/classes:/Users/mirko/git/My_Bookkeeper/cpu-affinity/target/classes:/Users/mirko/.m2/repository/com/google/guava/guava/30.0-jre/guava-30.0-jre.jar:/Users/mirko/.m2/repository/com/google/guava/failureaccess/1.0.1/failureaccess-1.0.1.jar:/Users/mirko/.m2/repository/com/google/guava/listenablefuture/9999.0-empty-to-avoid-conflict-with-guava/listenablefuture-9999.0-empty-to-avoid-conflict-with-guava.jar:/Users/mirko/.m2/repository/org/checkerframework/checker-qual/3.5.0/checker-qual-3.5.0.jar:/Users/mirko/.m2/repository/com/google/errorprone/error_prone_annotations/2.4.0/error_prone_annotations-2.4.0.jar:/Users/mirko/.m2/repository/com/google/j2objc/j2objc-annotations/1.3/j2objc-annotations-1.3.jar:/Users/mirko/.m2/repository/io/netty/netty-common/4.1.50.Final/netty-common-4.1.50.Final.jar:/Users/mirko/.m2/repository/com/fasterxml/jackson/core/jackson-core/2.11.0/jackson-core-2.11.0.jar:/Users/mirko/.m2/repository/com/fasterxml/jackson/core/jackson-databind/2.11.0/jackson-databind-2.11.0.jar:/Users/mirko/.m2/repository/com/fasterxml/jackson/core/jackson-annotations/2.11.0/jackson-annotations-2.11.0.jar:/Users/mirko/.m2/repository/org/jctools/jctools-core/2.1.2/jctools-core-2.1.2.jar:/Users/mirko/git/My_Bookkeeper/bookkeeper-common-allocator/target/classes:/Users/mirko/.m2/repository/io/netty/netty-buffer/4.1.50.Final/netty-buffer-4.1.50.Final.jar:/Users/mirko/git/My_Bookkeeper/bookkeeper-proto/target/classes:/Users/mirko/.m2/repository/com/google/protobuf/protobuf-java/3.14.0/protobuf-java-3.14.0.jar:/Users/mirko/git/My_Bookkeeper/tools/framework/target/classes:/Users/mirko/.m2/repository/org/rocksdb/rocksdbjni/6.10.2/rocksdbjni-6.10.2.jar:/Users/mirko/.m2/repository/org/slf4j/slf4j-log4j12/1.7.25/slf4j-log4j12-1.7.25.jar:/Users/mirko/.m2/repository/log4j/log4j/1.2.17/log4j-1.2.17.jar:/Users/mirko/.m2/repository/org/apache/zookeeper/zookeeper/3.6.2/zookeeper-3.6.2.jar:/Users/mirko/.m2/repository/commons-lang/commons-lang/2.6/commons-lang-2.6.jar:/Users/mirko/.m2/repository/org/apache/zookeeper/zookeeper-jute/3.6.2/zookeeper-jute-3.6.2.jar:/Users/mirko/.m2/repository/org/apache/yetus/audience-annotations/0.5.0/audience-annotations-0.5.0.jar:/Users/mirko/.m2/repository/io/netty/netty-handler/4.1.50.Final/netty-handler-4.1.50.Final.jar:/Users/mirko/.m2/repository/io/netty/netty-resolver/4.1.50.Final/netty-resolver-4.1.50.Final.jar:/Users/mirko/.m2/repository/io/netty/netty-transport/4.1.50.Final/netty-transport-4.1.50.Final.jar:/Users/mirko/.m2/repository/io/netty/netty-codec/4.1.50.Final/netty-codec-4.1.50.Final.jar:/Users/mirko/.m2/repository/io/netty/netty-transport-native-epoll/4.1.50.Final/netty-transport-native-epoll-4.1.50.Final-linux-x86_64.jar:/Users/mirko/.m2/repository/io/netty/netty-transport-native-unix-common/4.1.50.Final/netty-transport-native-unix-common-4.1.50.Final.jar:/Users/mirko/.m2/repository/io/netty/netty-tcnative-boringssl-static/2.0.31.Final/netty-tcnative-boringssl-static-2.0.31.Final.jar:/Users/mirko/git/My_Bookkeeper/bookkeeper-http/http-server/target/classes:/Users/mirko/git/My_Bookkeeper/circe-checksum/target/classes:/Users/mirko/.m2/repository/commons-cli/commons-cli/1.2/commons-cli-1.2.jar:/Users/mirko/.m2/repository/commons-codec/commons-codec/1.6/commons-codec-1.6.jar:/Users/mirko/.m2/repository/commons-io/commons-io/2.4/commons-io-2.4.jar:/Users/mirko/.m2/repository/org/apache/commons/commons-lang3/3.6/commons-lang3-3.6.jar:/Users/mirko/.m2/repository/org/apache/commons/commons-collections4/4.1/commons-collections4-4.1.jar:/Users/mirko/.m2/repository/org/bouncycastle/bc-fips/1.0.2/bc-fips-1.0.2.jar:/Users/mirko/.m2/repository/com/beust/jcommander/1.78/jcommander-1.78.jar:/Users/mirko/.m2/repository/net/java/dev/jna/jna/3.2.7/jna-3.2.7.jar:/Users/mirko/.m2/repository/org/apache/httpcomponents/httpclient/4.5.5/httpclient-4.5.5.jar:/Users/mirko/.m2/repository/org/apache/httpcomponents/httpcore/4.4.9/httpcore-4.4.9.jar:/Users/mirko/.m2/repository/commons-logging/commons-logging/1.2/commons-logging-1.2.jar:/Users/mirko/git/My_Bookkeeper/bookkeeper-common/target/test-classes:/Users/mirko/.m2/repository/org/apache/kerby/kerby-config/1.1.1/kerby-config-1.1.1.jar:/Users/mirko/.m2/repository/org/apache/kerby/kerb-simplekdc/1.1.1/kerb-simplekdc-1.1.1.jar:/Users/mirko/.m2/repository/org/apache/kerby/kerb-client/1.1.1/kerb-client-1.1.1.jar:/Users/mirko/.m2/repository/org/apache/kerby/kerb-core/1.1.1/kerb-core-1.1.1.jar:/Users/mirko/.m2/repository/org/apache/kerby/kerby-pkix/1.1.1/kerby-pkix-1.1.1.jar:/Users/mirko/.m2/repository/org/apache/kerby/kerby-asn1/1.1.1/kerby-asn1-1.1.1.jar:/Users/mirko/.m2/repository/org/apache/kerby/kerby-util/1.1.1/kerby-util-1.1.1.jar:/Users/mirko/.m2/repository/org/apache/kerby/kerb-common/1.1.1/kerb-common-1.1.1.jar:/Users/mirko/.m2/repository/org/apache/kerby/kerb-crypto/1.1.1/kerb-crypto-1.1.1.jar:/Users/mirko/.m2/repository/org/apache/kerby/kerb-util/1.1.1/kerb-util-1.1.1.jar:/Users/mirko/.m2/repository/org/apache/kerby/token-provider/1.1.1/token-provider-1.1.1.jar:/Users/mirko/.m2/repository/com/nimbusds/nimbus-jose-jwt/4.41.2/nimbus-jose-jwt-4.41.2.jar:/Users/mirko/.m2/repository/com/github/stephenc/jcip/jcip-annotations/1.0-1/jcip-annotations-1.0-1.jar:/Users/mirko/.m2/repository/net/minidev/json-smart/2.3/json-smart-2.3.jar:/Users/mirko/.m2/repository/net/minidev/accessors-smart/1.2/accessors-smart-1.2.jar:/Users/mirko/.m2/repository/org/ow2/asm/asm/5.0.4/asm-5.0.4.jar:/Users/mirko/.m2/repository/org/apache/kerby/kerb-admin/1.1.1/kerb-admin-1.1.1.jar:/Users/mirko/.m2/repository/org/apache/kerby/kerb-server/1.1.1/kerb-server-1.1.1.jar:/Users/mirko/.m2/repository/org/apache/kerby/kerb-identity/1.1.1/kerb-identity-1.1.1.jar:/Users/mirko/.m2/repository/org/apache/kerby/kerby-xdr/1.1.1/kerby-xdr-1.1.1.jar:/Users/mirko/.m2/repository/org/apache/zookeeper/zookeeper/3.6.2/zookeeper-3.6.2-tests.jar:/Users/mirko/.m2/repository/org/xerial/snappy/snappy-java/1.1.7/snappy-java-1.1.7.jar:/Users/mirko/.m2/repository/io/dropwizard/metrics/metrics-core/3.2.5/metrics-core-3.2.5.jar:/Users/mirko/git/My_Bookkeeper/bookkeeper-stats-providers/prometheus-metrics-provider/target/classes:/Users/mirko/.m2/repository/io/prometheus/simpleclient/0.8.1/simpleclient-0.8.1.jar:/Users/mirko/.m2/repository/io/prometheus/simpleclient_hotspot/0.8.1/simpleclient_hotspot-0.8.1.jar:/Users/mirko/.m2/repository/io/prometheus/simpleclient_servlet/0.8.1/simpleclient_servlet-0.8.1.jar:/Users/mirko/.m2/repository/io/prometheus/simpleclient_common/0.8.1/simpleclient_common-0.8.1.jar:/Users/mirko/.m2/repository/org/eclipse/jetty/jetty-servlet/9.4.33.v20201020/jetty-servlet-9.4.33.v20201020.jar:/Users/mirko/.m2/repository/org/eclipse/jetty/jetty-security/9.4.33.v20201020/jetty-security-9.4.33.v20201020.jar:/Users/mirko/.m2/repository/org/eclipse/jetty/jetty-server/9.4.33.v20201020/jetty-server-9.4.33.v20201020.jar:/Users/mirko/.m2/repository/javax/servlet/javax.servlet-api/4.0.0/javax.servlet-api-4.0.0.jar:/Users/mirko/.m2/repository/org/eclipse/jetty/jetty-http/9.4.33.v20201020/jetty-http-9.4.33.v20201020.jar:/Users/mirko/.m2/repository/org/eclipse/jetty/jetty-util/9.4.33.v20201020/jetty-util-9.4.33.v20201020.jar:/Users/mirko/.m2/repository/org/eclipse/jetty/jetty-io/9.4.33.v20201020/jetty-io-9.4.33.v20201020.jar:/Users/mirko/.m2/repository/com/yahoo/datasketches/sketches-core/0.8.3/sketches-core-0.8.3.jar:/Users/mirko/.m2/repository/com/yahoo/datasketches/memory/0.8.3/memory-0.8.3.jar:/Users/mirko/git/My_Bookkeeper/bookkeeper-http/vertx-http-server/target/classes:/Users/mirko/.m2/repository/io/vertx/vertx-core/3.5.3/vertx-core-3.5.3.jar:/Users/mirko/.m2/repository/io/netty/netty-handler-proxy/4.1.50.Final/netty-handler-proxy-4.1.50.Final.jar:/Users/mirko/.m2/repository/io/netty/netty-codec-socks/4.1.50.Final/netty-codec-socks-4.1.50.Final.jar:/Users/mirko/.m2/repository/io/netty/netty-codec-http/4.1.50.Final/netty-codec-http-4.1.50.Final.jar:/Users/mirko/.m2/repository/io/netty/netty-codec-http2/4.1.50.Final/netty-codec-http2-4.1.50.Final.jar:/Users/mirko/.m2/repository/io/netty/netty-resolver-dns/4.1.50.Final/netty-resolver-dns-4.1.50.Final.jar:/Users/mirko/.m2/repository/io/netty/netty-codec-dns/4.1.50.Final/netty-codec-dns-4.1.50.Final.jar:/Users/mirko/.m2/repository/io/vertx/vertx-web/3.5.3/vertx-web-3.5.3.jar:/Users/mirko/.m2/repository/io/vertx/vertx-auth-common/3.5.3/vertx-auth-common-3.5.3.jar:/Users/mirko/.m2/repository/io/vertx/vertx-bridge-common/3.5.3/vertx-bridge-common-3.5.3.jar:/Users/mirko/.m2/repository/org/projectlombok/lombok/1.18.10/lombok-1.18.10.jar:/Users/mirko/.m2/repository/com/github/spotbugs/spotbugs-annotations/3.1.8/spotbugs-annotations-3.1.8.jar:/Users/mirko/.m2/repository/com/google/code/findbugs/jsr305/3.0.2/jsr305-3.0.2.jar:/Users/mirko/.m2/repository/org/slf4j/slf4j-api/1.7.25/slf4j-api-1.7.25.jar:/Users/mirko/.m2/repository/commons-configuration/commons-configuration/1.10/commons-configuration-1.10.jar:/Users/mirko/.m2/repository/junit/junit/4.12/junit-4.12.jar:/Users/mirko/.m2/repository/org/hamcrest/hamcrest-core/1.3/hamcrest-core-1.3.jar:/Users/mirko/.m2/repository/org/hamcrest/hamcrest-all/1.3/hamcrest-all-1.3.jar:/Users/mirko/.m2/repository/org/mockito/mockito-core/3.0.0/mockito-core-3.0.0.jar:/Users/mirko/.m2/repository/net/bytebuddy/byte-buddy/1.9.10/byte-buddy-1.9.10.jar:/Users/mirko/.m2/repository/net/bytebuddy/byte-buddy-agent/1.9.10/byte-buddy-agent-1.9.10.jar:/Users/mirko/.m2/repository/org/objenesis/objenesis/2.6/objenesis-2.6.jar:/Users/mirko/.m2/repository/org/powermock/powermock-api-mockito2/2.0.2/powermock-api-mockito2-2.0.2.jar:/Users/mirko/.m2/repository/org/powermock/powermock-api-support/2.0.2/powermock-api-support-2.0.2.jar:/Users/mirko/.m2/repository/org/powermock/powermock-reflect/2.0.2/powermock-reflect-2.0.2.jar:/Users/mirko/.m2/repository/org/powermock/powermock-core/2.0.2/powermock-core-2.0.2.jar:/Users/mirko/.m2/repository/org/javassist/javassist/3.24.0-GA/javassist-3.24.0-GA.jar:/Users/mirko/.m2/repository/org/powermock/powermock-module-junit4/2.0.2/powermock-module-junit4-2.0.2.jar:/Users/mirko/.m2/repository/org/powermock/powermock-module-junit4-common/2.0.2/powermock-module-junit4-common-2.0.2.jar:"/>
    <property name="java.vm.vendor" value="AdoptOpenJDK"/>
    <property name="sun.arch.data.model" value="64"/>
    <property name="java.vendor.url" value="https://adoptopenjdk.net/"/>
    <property name="user.timezone" value=""/>
    <property name="io.netty.leakDetection.level" value="paranoid"/>
    <property name="java.vm.specification.version" value="11"/>
    <property name="os.name" value="Mac OS X"/>
    <property name="sun.java.launcher" value="SUN_STANDARD"/>
    <property name="user.country" value="IT"/>
    <property name="sun.boot.library.path" value="/Library/Java/JavaVirtualMachines/adoptopenjdk-11.jdk/Contents/Home/lib"/>
    <property name="sun.java.command" value="/Users/mirko/git/My_Bookkeeper/bookkeeper-server/target/surefire/surefirebooter5868237027680216413.jar /Users/mirko/git/My_Bookkeeper/bookkeeper-server/target/surefire 2021-08-11T15-34-05_316-jvmRun1 surefire1925493026381581340tmp surefire_212898833066653688525tmp"/>
    <property name="http.nonProxyHosts" value="local|*.local|169.254/16|*.169.254/16"/>
    <property name="jdk.debug" value="release"/>
    <property name="surefire.test.class.path" value="/Users/mirko/git/My_Bookkeeper/bookkeeper-server/target/test-classes:/Users/mirko/git/My_Bookkeeper/bookkeeper-server/target/classes:/Users/mirko/git/My_Bookkeeper/bookkeeper-common/target/classes:/Users/mirko/git/My_Bookkeeper/bookkeeper-stats/target/classes:/Users/mirko/git/My_Bookkeeper/cpu-affinity/target/classes:/Users/mirko/.m2/repository/com/google/guava/guava/30.0-jre/guava-30.0-jre.jar:/Users/mirko/.m2/repository/com/google/guava/failureaccess/1.0.1/failureaccess-1.0.1.jar:/Users/mirko/.m2/repository/com/google/guava/listenablefuture/9999.0-empty-to-avoid-conflict-with-guava/listenablefuture-9999.0-empty-to-avoid-conflict-with-guava.jar:/Users/mirko/.m2/repository/org/checkerframework/checker-qual/3.5.0/checker-qual-3.5.0.jar:/Users/mirko/.m2/repository/com/google/errorprone/error_prone_annotations/2.4.0/error_prone_annotations-2.4.0.jar:/Users/mirko/.m2/repository/com/google/j2objc/j2objc-annotations/1.3/j2objc-annotations-1.3.jar:/Users/mirko/.m2/repository/io/netty/netty-common/4.1.50.Final/netty-common-4.1.50.Final.jar:/Users/mirko/.m2/repository/com/fasterxml/jackson/core/jackson-core/2.11.0/jackson-core-2.11.0.jar:/Users/mirko/.m2/repository/com/fasterxml/jackson/core/jackson-databind/2.11.0/jackson-databind-2.11.0.jar:/Users/mirko/.m2/repository/com/fasterxml/jackson/core/jackson-annotations/2.11.0/jackson-annotations-2.11.0.jar:/Users/mirko/.m2/repository/org/jctools/jctools-core/2.1.2/jctools-core-2.1.2.jar:/Users/mirko/git/My_Bookkeeper/bookkeeper-common-allocator/target/classes:/Users/mirko/.m2/repository/io/netty/netty-buffer/4.1.50.Final/netty-buffer-4.1.50.Final.jar:/Users/mirko/git/My_Bookkeeper/bookkeeper-proto/target/classes:/Users/mirko/.m2/repository/com/google/protobuf/protobuf-java/3.14.0/protobuf-java-3.14.0.jar:/Users/mirko/git/My_Bookkeeper/tools/framework/target/classes:/Users/mirko/.m2/repository/org/rocksdb/rocksdbjni/6.10.2/rocksdbjni-6.10.2.jar:/Users/mirko/.m2/repository/org/slf4j/slf4j-log4j12/1.7.25/slf4j-log4j12-1.7.25.jar:/Users/mirko/.m2/repository/log4j/log4j/1.2.17/log4j-1.2.17.jar:/Users/mirko/.m2/repository/org/apache/zookeeper/zookeeper/3.6.2/zookeeper-3.6.2.jar:/Users/mirko/.m2/repository/commons-lang/commons-lang/2.6/commons-lang-2.6.jar:/Users/mirko/.m2/repository/org/apache/zookeeper/zookeeper-jute/3.6.2/zookeeper-jute-3.6.2.jar:/Users/mirko/.m2/repository/org/apache/yetus/audience-annotations/0.5.0/audience-annotations-0.5.0.jar:/Users/mirko/.m2/repository/io/netty/netty-handler/4.1.50.Final/netty-handler-4.1.50.Final.jar:/Users/mirko/.m2/repository/io/netty/netty-resolver/4.1.50.Final/netty-resolver-4.1.50.Final.jar:/Users/mirko/.m2/repository/io/netty/netty-transport/4.1.50.Final/netty-transport-4.1.50.Final.jar:/Users/mirko/.m2/repository/io/netty/netty-codec/4.1.50.Final/netty-codec-4.1.50.Final.jar:/Users/mirko/.m2/repository/io/netty/netty-transport-native-epoll/4.1.50.Final/netty-transport-native-epoll-4.1.50.Final-linux-x86_64.jar:/Users/mirko/.m2/repository/io/netty/netty-transport-native-unix-common/4.1.50.Final/netty-transport-native-unix-common-4.1.50.Final.jar:/Users/mirko/.m2/repository/io/netty/netty-tcnative-boringssl-static/2.0.31.Final/netty-tcnative-boringssl-static-2.0.31.Final.jar:/Users/mirko/git/My_Bookkeeper/bookkeeper-http/http-server/target/classes:/Users/mirko/git/My_Bookkeeper/circe-checksum/target/classes:/Users/mirko/.m2/repository/commons-cli/commons-cli/1.2/commons-cli-1.2.jar:/Users/mirko/.m2/repository/commons-codec/commons-codec/1.6/commons-codec-1.6.jar:/Users/mirko/.m2/repository/commons-io/commons-io/2.4/commons-io-2.4.jar:/Users/mirko/.m2/repository/org/apache/commons/commons-lang3/3.6/commons-lang3-3.6.jar:/Users/mirko/.m2/repository/org/apache/commons/commons-collections4/4.1/commons-collections4-4.1.jar:/Users/mirko/.m2/repository/org/bouncycastle/bc-fips/1.0.2/bc-fips-1.0.2.jar:/Users/mirko/.m2/repository/com/beust/jcommander/1.78/jcommander-1.78.jar:/Users/mirko/.m2/repository/net/java/dev/jna/jna/3.2.7/jna-3.2.7.jar:/Users/mirko/.m2/repository/org/apache/httpcomponents/httpclient/4.5.5/httpclient-4.5.5.jar:/Users/mirko/.m2/repository/org/apache/httpcomponents/httpcore/4.4.9/httpcore-4.4.9.jar:/Users/mirko/.m2/repository/commons-logging/commons-logging/1.2/commons-logging-1.2.jar:/Users/mirko/git/My_Bookkeeper/bookkeeper-common/target/test-classes:/Users/mirko/.m2/repository/org/apache/kerby/kerby-config/1.1.1/kerby-config-1.1.1.jar:/Users/mirko/.m2/repository/org/apache/kerby/kerb-simplekdc/1.1.1/kerb-simplekdc-1.1.1.jar:/Users/mirko/.m2/repository/org/apache/kerby/kerb-client/1.1.1/kerb-client-1.1.1.jar:/Users/mirko/.m2/repository/org/apache/kerby/kerb-core/1.1.1/kerb-core-1.1.1.jar:/Users/mirko/.m2/repository/org/apache/kerby/kerby-pkix/1.1.1/kerby-pkix-1.1.1.jar:/Users/mirko/.m2/repository/org/apache/kerby/kerby-asn1/1.1.1/kerby-asn1-1.1.1.jar:/Users/mirko/.m2/repository/org/apache/kerby/kerby-util/1.1.1/kerby-util-1.1.1.jar:/Users/mirko/.m2/repository/org/apache/kerby/kerb-common/1.1.1/kerb-common-1.1.1.jar:/Users/mirko/.m2/repository/org/apache/kerby/kerb-crypto/1.1.1/kerb-crypto-1.1.1.jar:/Users/mirko/.m2/repository/org/apache/kerby/kerb-util/1.1.1/kerb-util-1.1.1.jar:/Users/mirko/.m2/repository/org/apache/kerby/token-provider/1.1.1/token-provider-1.1.1.jar:/Users/mirko/.m2/repository/com/nimbusds/nimbus-jose-jwt/4.41.2/nimbus-jose-jwt-4.41.2.jar:/Users/mirko/.m2/repository/com/github/stephenc/jcip/jcip-annotations/1.0-1/jcip-annotations-1.0-1.jar:/Users/mirko/.m2/repository/net/minidev/json-smart/2.3/json-smart-2.3.jar:/Users/mirko/.m2/repository/net/minidev/accessors-smart/1.2/accessors-smart-1.2.jar:/Users/mirko/.m2/repository/org/ow2/asm/asm/5.0.4/asm-5.0.4.jar:/Users/mirko/.m2/repository/org/apache/kerby/kerb-admin/1.1.1/kerb-admin-1.1.1.jar:/Users/mirko/.m2/repository/org/apache/kerby/kerb-server/1.1.1/kerb-server-1.1.1.jar:/Users/mirko/.m2/repository/org/apache/kerby/kerb-identity/1.1.1/kerb-identity-1.1.1.jar:/Users/mirko/.m2/repository/org/apache/kerby/kerby-xdr/1.1.1/kerby-xdr-1.1.1.jar:/Users/mirko/.m2/repository/org/apache/zookeeper/zookeeper/3.6.2/zookeeper-3.6.2-tests.jar:/Users/mirko/.m2/repository/org/xerial/snappy/snappy-java/1.1.7/snappy-java-1.1.7.jar:/Users/mirko/.m2/repository/io/dropwizard/metrics/metrics-core/3.2.5/metrics-core-3.2.5.jar:/Users/mirko/git/My_Bookkeeper/bookkeeper-stats-providers/prometheus-metrics-provider/target/classes:/Users/mirko/.m2/repository/io/prometheus/simpleclient/0.8.1/simpleclient-0.8.1.jar:/Users/mirko/.m2/repository/io/prometheus/simpleclient_hotspot/0.8.1/simpleclient_hotspot-0.8.1.jar:/Users/mirko/.m2/repository/io/prometheus/simpleclient_servlet/0.8.1/simpleclient_servlet-0.8.1.jar:/Users/mirko/.m2/repository/io/prometheus/simpleclient_common/0.8.1/simpleclient_common-0.8.1.jar:/Users/mirko/.m2/repository/org/eclipse/jetty/jetty-servlet/9.4.33.v20201020/jetty-servlet-9.4.33.v20201020.jar:/Users/mirko/.m2/repository/org/eclipse/jetty/jetty-security/9.4.33.v20201020/jetty-security-9.4.33.v20201020.jar:/Users/mirko/.m2/repository/org/eclipse/jetty/jetty-server/9.4.33.v20201020/jetty-server-9.4.33.v20201020.jar:/Users/mirko/.m2/repository/javax/servlet/javax.servlet-api/4.0.0/javax.servlet-api-4.0.0.jar:/Users/mirko/.m2/repository/org/eclipse/jetty/jetty-http/9.4.33.v20201020/jetty-http-9.4.33.v20201020.jar:/Users/mirko/.m2/repository/org/eclipse/jetty/jetty-util/9.4.33.v20201020/jetty-util-9.4.33.v20201020.jar:/Users/mirko/.m2/repository/org/eclipse/jetty/jetty-io/9.4.33.v20201020/jetty-io-9.4.33.v20201020.jar:/Users/mirko/.m2/repository/com/yahoo/datasketches/sketches-core/0.8.3/sketches-core-0.8.3.jar:/Users/mirko/.m2/repository/com/yahoo/datasketches/memory/0.8.3/memory-0.8.3.jar:/Users/mirko/git/My_Bookkeeper/bookkeeper-http/vertx-http-server/target/classes:/Users/mirko/.m2/repository/io/vertx/vertx-core/3.5.3/vertx-core-3.5.3.jar:/Users/mirko/.m2/repository/io/netty/netty-handler-proxy/4.1.50.Final/netty-handler-proxy-4.1.50.Final.jar:/Users/mirko/.m2/repository/io/netty/netty-codec-socks/4.1.50.Final/netty-codec-socks-4.1.50.Final.jar:/Users/mirko/.m2/repository/io/netty/netty-codec-http/4.1.50.Final/netty-codec-http-4.1.50.Final.jar:/Users/mirko/.m2/repository/io/netty/netty-codec-http2/4.1.50.Final/netty-codec-http2-4.1.50.Final.jar:/Users/mirko/.m2/repository/io/netty/netty-resolver-dns/4.1.50.Final/netty-resolver-dns-4.1.50.Final.jar:/Users/mirko/.m2/repository/io/netty/netty-codec-dns/4.1.50.Final/netty-codec-dns-4.1.50.Final.jar:/Users/mirko/.m2/repository/io/vertx/vertx-web/3.5.3/vertx-web-3.5.3.jar:/Users/mirko/.m2/repository/io/vertx/vertx-auth-common/3.5.3/vertx-auth-common-3.5.3.jar:/Users/mirko/.m2/repository/io/vertx/vertx-bridge-common/3.5.3/vertx-bridge-common-3.5.3.jar:/Users/mirko/.m2/repository/org/projectlombok/lombok/1.18.10/lombok-1.18.10.jar:/Users/mirko/.m2/repository/com/github/spotbugs/spotbugs-annotations/3.1.8/spotbugs-annotations-3.1.8.jar:/Users/mirko/.m2/repository/com/google/code/findbugs/jsr305/3.0.2/jsr305-3.0.2.jar:/Users/mirko/.m2/repository/org/slf4j/slf4j-api/1.7.25/slf4j-api-1.7.25.jar:/Users/mirko/.m2/repository/commons-configuration/commons-configuration/1.10/commons-configuration-1.10.jar:/Users/mirko/.m2/repository/junit/junit/4.12/junit-4.12.jar:/Users/mirko/.m2/repository/org/hamcrest/hamcrest-core/1.3/hamcrest-core-1.3.jar:/Users/mirko/.m2/repository/org/hamcrest/hamcrest-all/1.3/hamcrest-all-1.3.jar:/Users/mirko/.m2/repository/org/mockito/mockito-core/3.0.0/mockito-core-3.0.0.jar:/Users/mirko/.m2/repository/net/bytebuddy/byte-buddy/1.9.10/byte-buddy-1.9.10.jar:/Users/mirko/.m2/repository/net/bytebuddy/byte-buddy-agent/1.9.10/byte-buddy-agent-1.9.10.jar:/Users/mirko/.m2/repository/org/objenesis/objenesis/2.6/objenesis-2.6.jar:/Users/mirko/.m2/repository/org/powermock/powermock-api-mockito2/2.0.2/powermock-api-mockito2-2.0.2.jar:/Users/mirko/.m2/repository/org/powermock/powermock-api-support/2.0.2/powermock-api-support-2.0.2.jar:/Users/mirko/.m2/repository/org/powermock/powermock-reflect/2.0.2/powermock-reflect-2.0.2.jar:/Users/mirko/.m2/repository/org/powermock/powermock-core/2.0.2/powermock-core-2.0.2.jar:/Users/mirko/.m2/repository/org/javassist/javassist/3.24.0-GA/javassist-3.24.0-GA.jar:/Users/mirko/.m2/repository/org/powermock/powermock-module-junit4/2.0.2/powermock-module-junit4-2.0.2.jar:/Users/mirko/.m2/repository/org/powermock/powermock-module-junit4-common/2.0.2/powermock-module-junit4-common-2.0.2.jar:"/>
    <property name="sun.cpu.endian" value="little"/>
    <property name="user.home" value="/Users/mirko"/>
    <property name="user.language" value="it"/>
    <property name="java.specification.vendor" value="Oracle Corporation"/>
    <property name="java.version.date" value="2021-04-20"/>
    <property name="java.home" value="/Library/Java/JavaVirtualMachines/adoptopenjdk-11.jdk/Contents/Home"/>
    <property name="file.separator" value="/"/>
    <property name="basedir" value="/Users/mirko/git/My_Bookkeeper/bookkeeper-server"/>
    <property name="java.vm.compressedOopsMode" value="Zero based"/>
    <property name="line.separator" value="&#10;"/>
    <property name="java.specification.name" value="Java Platform API Specification"/>
    <property name="java.vm.specification.vendor" value="Oracle Corporation"/>
    <property name="java.awt.graphicsenv" value="sun.awt.CGraphicsEnvironment"/>
    <property name="surefire.real.class.path" value="/Users/mirko/git/My_Bookkeeper/bookkeeper-server/target/surefire/surefirebooter5868237027680216413.jar"/>
    <property name="sun.management.compiler" value="HotSpot 64-Bit Tiered Compilers"/>
    <property name="ftp.nonProxyHosts" value="local|*.local|169.254/16|*.169.254/16"/>
    <property name="java.runtime.version" value="11.0.11+9"/>
    <property name="user.name" value="mirko"/>
    <property name="java.net.preferIPv4Stack" value="true"/>
    <property name="path.separator" value=":"/>
    <property name="os.version" value="11.3"/>
    <property name="java.runtime.name" value="OpenJDK Runtime Environment"/>
    <property name="file.encoding" value="UTF-8"/>
    <property name="java.vm.name" value="OpenJDK 64-Bit Server VM"/>
    <property name="java.vendor.version" value="AdoptOpenJDK-11.0.11+9"/>
    <property name="localRepository" value="/Users/mirko/.m2/repository"/>
    <property name="java.vendor.url.bug" value="https://github.com/AdoptOpenJDK/openjdk-support/issues"/>
    <property name="java.io.tmpdir" value="/var/folders/__/12bl209d1ls4z283rflhl8lm0000gn/T/"/>
    <property name="java.version" value="11.0.11"/>
    <property name="user.dir" value="/Users/mirko/git/My_Bookkeeper/bookkeeper-server"/>
    <property name="os.arch" value="x86_64"/>
    <property name="java.vm.specification.name" value="Java Virtual Machine Specification"/>
    <property name="java.awt.printerjob" value="sun.lwawt.macosx.CPrinterJob"/>
    <property name="sun.os.patch.level" value="unknown"/>
    <property name="java.library.path" value="/Users/mirko/Library/Java/Extensions:/Library/Java/Extensions:/Network/Library/Java/Extensions:/System/Library/Java/Extensions:/usr/lib/java:."/>
    <property name="java.vm.info" value="mixed mode"/>
    <property name="java.vendor" value="AdoptOpenJDK"/>
    <property name="java.vm.version" value="11.0.11+9"/>
    <property name="sun.io.unicode.encoding" value="UnicodeBig"/>
    <property name="java.class.version" value="55.0"/>
    <property name="socksNonProxyHosts" value="local|*.local|169.254/16|*.169.254/16"/>
  </properties>
  <testcase name="testForDeleteAndGet[0]" classname="org.apache.bookkeeper.bookie.storage.ldb.WriteCacheTest" time="0.029"/>
  <testcase name="create_Clear_Delete_Test[0]" classname="org.apache.bookkeeper.bookie.storage.ldb.WriteCacheTest" time="0.021"/>
</testsuite>